<?xml version="1.0" encoding="UTF-8"?>
<testng-results ignored="0" total="1" passed="1" failed="0" skipped="0">
  <reporter-output>
  </reporter-output>
  <suite started-at="2024-11-23T15:24:46 IST" name="Default suite" finished-at="2024-11-23T15:25:18 IST" duration-ms="32548">
    <groups>
    </groups>
    <test started-at="2024-11-23T15:24:46 IST" name="Default test" finished-at="2024-11-23T15:25:18 IST" duration-ms="32548">
      <class name="fitpeo.Fitpeo">
        <test-method is-config="true" signature="browser_setup()[pri:0, instance:fitpeo.Fitpeo@2d1ef81a]" started-at="2024-11-23T15:24:46 IST" name="browser_setup" finished-at="2024-11-23T15:25:04 IST" duration-ms="18596" status="PASS">
          <reporter-output>
          </reporter-output>
        </test-method> <!-- browser_setup -->
        <test-method signature="wecheck_Revenue_Calculator()[pri:0, instance:fitpeo.Fitpeo@2d1ef81a]" started-at="2024-11-23T15:25:04 IST" name="wecheck_Revenue_Calculator" finished-at="2024-11-23T15:25:16 IST" duration-ms="11750" status="PASS">
          <reporter-output>
          </reporter-output>
        </test-method> <!-- wecheck_Revenue_Calculator -->
        <test-method is-config="true" signature="wechecktheteardown()[pri:0, instance:fitpeo.Fitpeo@2d1ef81a]" started-at="2024-11-23T15:25:16 IST" name="wechecktheteardown" finished-at="2024-11-23T15:25:18 IST" duration-ms="2154" status="PASS">
          <reporter-output>
          </reporter-output>
        </test-method> <!-- wechecktheteardown -->
      </class> <!-- fitpeo.Fitpeo -->
    </test> <!-- Default test -->
  </suite> <!-- Default suite -->
</testng-results>
